<?xml version="1.0" encoding="UTF-8"?>
<coverage generated="1781149408556" clover="3.2.0">
  <project timestamp="1781149408556" name="All files">
    <metrics statements="131" coveredstatements="56" conditionals="35" coveredconditionals="12" methods="34" coveredmethods="11" elements="200" coveredelements="79" complexity="0" loc="131" ncloc="131" packages="1" files="2" classes="2"/>
    <file name="cache_manager.ts" path="/workspace/src/cache_manager.ts">
      <metrics statements="63" coveredstatements="18" conditionals="10" coveredconditionals="2" methods="19" coveredmethods="3"/>
      <line num="1" count="1" type="stmt"/>
      <line num="2" count="1" type="stmt"/>
      <line num="3" count="1" type="stmt"/>
      <line num="4" count="1" type="stmt"/>
      <line num="5" count="1" type="stmt"/>
      <line num="10" count="1" type="stmt"/>
      <line num="13" count="0" type="stmt"/>
      <line num="14" count="0" type="stmt"/>
      <line num="15" count="0" type="stmt"/>
      <line num="31" count="1" type="stmt"/>
      <line num="33" count="4" type="stmt"/>
      <line num="34" count="4" type="stmt"/>
      <line num="37" count="4" type="stmt"/>
      <line num="38" count="4" type="cond" truecount="1" falsecount="1"/>
      <line num="39" count="4" type="stmt"/>
      <line num="40" count="4" type="stmt"/>
      <line num="41" count="4" type="stmt"/>
      <line num="42" count="4" type="stmt"/>
      <line num="43" count="4" type="cond" truecount="1" falsecount="0"/>
      <line num="44" count="4" type="stmt"/>
      <line num="53" count="0" type="stmt"/>
      <line num="54" count="0" type="stmt"/>
      <line num="61" count="0" type="cond" truecount="0" falsecount="1"/>
      <line num="62" count="0" type="stmt"/>
      <line num="66" count="0" type="stmt"/>
      <line num="67" count="0" type="stmt"/>
      <line num="69" count="0" type="stmt"/>
      <line num="70" count="0" type="stmt"/>
      <line num="72" count="0" type="stmt"/>
      <line num="73" count="0" type="stmt"/>
      <line num="75" count="0" type="stmt"/>
      <line num="76" count="0" type="stmt"/>
      <line num="77" count="0" type="cond" truecount="0" falsecount="2"/>
      <line num="79" count="0" type="stmt"/>
      <line num="80" count="0" type="stmt"/>
      <line num="83" count="0" type="stmt"/>
      <line num="84" count="0" type="stmt"/>
      <line num="86" count="0" type="stmt"/>
      <line num="88" count="0" type="stmt"/>
      <line num="89" count="0" type="stmt"/>
      <line num="90" count="0" type="stmt"/>
      <line num="91" count="0" type="cond" truecount="0" falsecount="2"/>
      <line num="92" count="0" type="stmt"/>
      <line num="93" count="0" type="stmt"/>
      <line num="95" count="0" type="stmt"/>
      <line num="96" count="0" type="stmt"/>
      <line num="101" count="0" type="stmt"/>
      <line num="102" count="0" type="stmt"/>
      <line num="103" count="0" type="stmt"/>
      <line num="107" count="0" type="stmt"/>
      <line num="108" count="0" type="stmt"/>
      <line num="109" count="0" type="stmt"/>
      <line num="110" count="0" type="stmt"/>
      <line num="113" count="0" type="stmt"/>
      <line num="121" count="0" type="stmt"/>
      <line num="122" count="0" type="stmt"/>
      <line num="123" count="0" type="stmt"/>
      <line num="127" count="0" type="stmt"/>
      <line num="134" count="0" type="stmt"/>
      <line num="141" count="0" type="stmt"/>
      <line num="142" count="0" type="stmt"/>
      <line num="143" count="0" type="stmt"/>
      <line num="151" count="4" type="stmt"/>
    </file>
    <file name="proxy_service.ts" path="/workspace/src/proxy_service.ts">
      <metrics statements="68" coveredstatements="38" conditionals="25" coveredconditionals="10" methods="15" coveredmethods="8"/>
      <line num="1" count="1" type="stmt"/>
      <line num="2" count="1" type="stmt"/>
      <line num="3" count="1" type="stmt"/>
      <line num="10" count="1" type="stmt"/>
      <line num="16" count="4" type="stmt"/>
      <line num="18" count="4" type="stmt"/>
      <line num="19" count="4" type="stmt"/>
      <line num="23" count="4" type="stmt"/>
      <line num="24" count="4" type="cond" truecount="1" falsecount="1"/>
      <line num="25" count="4" type="stmt"/>
      <line num="26" count="4" type="cond" truecount="1" falsecount="1"/>
      <line num="27" count="4" type="stmt"/>
      <line num="30" count="4" type="cond" truecount="1" falsecount="1"/>
      <line num="31" count="4" type="stmt"/>
      <line num="32" count="4" type="stmt"/>
      <line num="34" count="4" type="cond" truecount="0" falsecount="1"/>
      <line num="35" count="0" type="stmt"/>
      <line num="36" count="0" type="stmt"/>
      <line num="39" count="4" type="stmt"/>
      <line num="47" count="4" type="stmt"/>
      <line num="48" count="10" type="stmt"/>
      <line num="50" count="4" type="cond" truecount="2" falsecount="0"/>
      <line num="52" count="3" type="stmt"/>
      <line num="53" count="1" type="stmt"/>
      <line num="54" count="1" type="stmt"/>
      <line num="56" count="1" type="stmt"/>
      <line num="57" count="1" type="cond" truecount="1" falsecount="1"/>
      <line num="58" count="0" type="stmt"/>
      <line num="59" count="0" type="stmt"/>
      <line num="61" count="1" type="stmt"/>
      <line num="65" count="0" type="stmt"/>
      <line num="66" count="0" type="stmt"/>
      <line num="67" count="0" type="stmt"/>
      <line num="71" count="3" type="cond" truecount="1" falsecount="0"/>
      <line num="74" count="1" type="stmt"/>
      <line num="75" count="1" type="stmt"/>
      <line num="78" count="2" type="stmt"/>
      <line num="79" count="2" type="cond" truecount="2" falsecount="0"/>
      <line num="81" count="1" type="stmt"/>
      <line num="85" count="1" type="stmt"/>
      <line num="86" count="1" type="stmt"/>
      <line num="92" count="1" type="cond" truecount="1" falsecount="3"/>
      <line num="93" count="0" type="cond" truecount="0" falsecount="2"/>
      <line num="94" count="0" type="stmt"/>
      <line num="95" count="0" type="cond" truecount="0" falsecount="1"/>
      <line num="96" count="0" type="stmt"/>
      <line num="98" count="0" type="stmt"/>
      <line num="99" count="0" type="stmt"/>
      <line num="102" count="0" type="stmt"/>
      <line num="103" count="0" type="stmt"/>
      <line num="104" count="0" type="cond" truecount="0" falsecount="2"/>
      <line num="105" count="0" type="stmt"/>
      <line num="106" count="0" type="stmt"/>
      <line num="107" count="0" type="stmt"/>
      <line num="108" count="0" type="stmt"/>
      <line num="109" count="0" type="stmt"/>
      <line num="110" count="0" type="stmt"/>
      <line num="113" count="0" type="stmt"/>
      <line num="114" count="0" type="stmt"/>
      <line num="116" count="0" type="stmt"/>
      <line num="117" count="0" type="stmt"/>
      <line num="121" count="1" type="stmt"/>
      <line num="122" count="0" type="cond" truecount="0" falsecount="2"/>
      <line num="123" count="0" type="stmt"/>
      <line num="124" count="0" type="stmt"/>
      <line num="126" count="1" type="stmt"/>
      <line num="127" count="0" type="stmt"/>
      <line num="129" count="1" type="stmt"/>
    </file>
  </project>
</coverage>
