{"/workspace/src/cache_manager.ts": {"path":"/workspace/src/cache_manager.ts","statementMap":{"0":{"start":{"line":1,"column":0},"end":{"line":1,"column":29}},"1":{"start":{"line":2,"column":0},"end":{"line":2,"column":25}},"2":{"start":{"line":3,"column":0},"end":{"line":3,"column":29}},"3":{"start":{"line":4,"column":0},"end":{"line":4,"column":29}},"4":{"start":{"line":5,"column":0},"end":{"line":5,"column":33}},"5":{"start":{"line":13,"column":8},"end":{"line":13,"column":23}},"6":{"start":{"line":14,"column":8},"end":{"line":14,"column":32}},"7":{"start":{"line":32,"column":46},"end":{"line":32,"column":48}},"8":{"start":{"line":33,"column":51},"end":{"line":33,"column":53}},"9":{"start":{"line":36,"column":8},"end":{"line":36,"column":41}},"10":{"start":{"line":37,"column":22},"end":{"line":37,"column":36}},"11":{"start":{"line":38,"column":8},"end":{"line":45,"column":11}},"12":{"start":{"line":39,"column":36},"end":{"line":39,"column":50}},"13":{"start":{"line":40,"column":37},"end":{"line":40,"column":45}},"14":{"start":{"line":41,"column":31},"end":{"line":41,"column":39}},"15":{"start":{"line":42,"column":12},"end":{"line":44,"column":13}},"16":{"start":{"line":43,"column":16},"end":{"line":43,"column":46}},"17":{"start":{"line":52,"column":82},"end":{"line":52,"column":102}},"18":{"start":{"line":53,"column":8},"end":{"line":53,"column":25}},"19":{"start":{"line":60,"column":8},"end":{"line":62,"column":9}},"20":{"start":{"line":61,"column":12},"end":{"line":61,"column":82}},"21":{"start":{"line":65,"column":8},"end":{"line":65,"column":34}},"22":{"start":{"line":66,"column":8},"end":{"line":66,"column":76}},"23":{"start":{"line":68,"column":33},"end":{"line":68,"column":52}},"24":{"start":{"line":69,"column":48},"end":{"line":69,"column":74}},"25":{"start":{"line":71,"column":8},"end":{"line":116,"column":11}},"26":{"start":{"line":72,"column":37},"end":{"line":72,"column":38}},"27":{"start":{"line":77,"column":48},"end":{"line":107,"column":14}},"28":{"start":{"line":78,"column":62},"end":{"line":78,"column":96}},"29":{"start":{"line":79,"column":46},"end":{"line":79,"column":80}},"30":{"start":{"line":81,"column":16},"end":{"line":83,"column":41}},"31":{"start":{"line":82,"column":20},"end":{"line":82,"column":47}},"32":{"start":{"line":85,"column":42},"end":{"line":85,"column":67}},"33":{"start":{"line":86,"column":16},"end":{"line":86,"column":40}},"34":{"start":{"line":88,"column":16},"end":{"line":88,"column":36}},"35":{"start":{"line":90,"column":16},"end":{"line":101,"column":19}},"36":{"start":{"line":91,"column":20},"end":{"line":91,"column":31}},"37":{"start":{"line":92,"column":20},"end":{"line":100,"column":23}},"38":{"start":{"line":93,"column":24},"end":{"line":99,"column":25}},"39":{"start":{"line":94,"column":28},"end":{"line":94,"column":54}},"40":{"start":{"line":95,"column":28},"end":{"line":95,"column":89}},"41":{"start":{"line":97,"column":28},"end":{"line":97,"column":104}},"42":{"start":{"line":98,"column":28},"end":{"line":98,"column":38}},"43":{"start":{"line":103,"column":16},"end":{"line":106,"column":19}},"44":{"start":{"line":104,"column":20},"end":{"line":104,"column":46}},"45":{"start":{"line":105,"column":20},"end":{"line":105,"column":69}},"46":{"start":{"line":109,"column":12},"end":{"line":113,"column":15}},"47":{"start":{"line":110,"column":16},"end":{"line":110,"column":61}},"48":{"start":{"line":111,"column":16},"end":{"line":111,"column":38}},"49":{"start":{"line":112,"column":16},"end":{"line":112,"column":63}},"50":{"start":{"line":115,"column":12},"end":{"line":115,"column":26}},"51":{"start":{"line":123,"column":28},"end":{"line":123,"column":48}},"52":{"start":{"line":124,"column":43},"end":{"line":124,"column":60}},"53":{"start":{"line":125,"column":8},"end":{"line":128,"column":11}},"54":{"start":{"line":129,"column":8},"end":{"line":129,"column":46}},"55":{"start":{"line":136,"column":8},"end":{"line":136,"column":35}},"56":{"start":{"line":143,"column":8},"end":{"line":143,"column":37}},"57":{"start":{"line":144,"column":8},"end":{"line":146,"column":22}},"58":{"start":{"line":145,"column":12},"end":{"line":145,"column":39}},"59":{"start":{"line":153,"column":8},"end":{"line":153,"column":30}},"60":{"start":{"line":30,"column":0},"end":{"line":30,"column":13}}},"fnMap":{"0":{"name":"(anonymous_9)","decl":{"start":{"line":12,"column":4},"end":{"line":12,"column":16}},"loc":{"start":{"line":12,"column":51},"end":{"line":15,"column":5}}},"1":{"name":"(anonymous_10)","decl":{"start":{"line":35,"column":4},"end":{"line":35,"column":16}},"loc":{"start":{"line":35,"column":32},"end":{"line":46,"column":5}}},"2":{"name":"(anonymous_11)","decl":{"start":{"line":38,"column":33},"end":{"line":38,"column":34}},"loc":{"start":{"line":38,"column":55},"end":{"line":45,"column":9}}},"3":{"name":"(anonymous_12)","decl":{"start":{"line":51,"column":11},"end":{"line":51,"column":24}},"loc":{"start":{"line":51,"column":37},"end":{"line":54,"column":5}}},"4":{"name":"(anonymous_13)","decl":{"start":{"line":59,"column":11},"end":{"line":59,"column":16}},"loc":{"start":{"line":59,"column":68},"end":{"line":117,"column":5}}},"5":{"name":"(anonymous_14)","decl":{"start":{"line":71,"column":33},"end":{"line":71,"column":34}},"loc":{"start":{"line":71,"column":53},"end":{"line":116,"column":9}}},"6":{"name":"(anonymous_15)","decl":{"start":{"line":77,"column":70},"end":{"line":77,"column":71}},"loc":{"start":{"line":77,"column":111},"end":{"line":107,"column":13}}},"7":{"name":"(anonymous_16)","decl":{"start":{"line":81,"column":36},"end":{"line":81,"column":37}},"loc":{"start":{"line":81,"column":60},"end":{"line":83,"column":17}}},"8":{"name":"(anonymous_17)","decl":{"start":{"line":90,"column":45},"end":{"line":90,"column":54}},"loc":{"start":{"line":90,"column":56},"end":{"line":101,"column":17}}},"9":{"name":"(anonymous_18)","decl":{"start":{"line":92,"column":42},"end":{"line":92,"column":43}},"loc":{"start":{"line":92,"column":76},"end":{"line":100,"column":21}}},"10":{"name":"(anonymous_19)","decl":{"start":{"line":94,"column":44},"end":{"line":94,"column":47}},"loc":{"start":{"line":94,"column":49},"end":{"line":94,"column":52}}},"11":{"name":"(anonymous_20)","decl":{"start":{"line":103,"column":37},"end":{"line":103,"column":38}},"loc":{"start":{"line":103,"column":58},"end":{"line":106,"column":17}}},"12":{"name":"(anonymous_21)","decl":{"start":{"line":104,"column":36},"end":{"line":104,"column":39}},"loc":{"start":{"line":104,"column":41},"end":{"line":104,"column":44}}},"13":{"name":"(anonymous_22)","decl":{"start":{"line":109,"column":32},"end":{"line":109,"column":33}},"loc":{"start":{"line":109,"column":53},"end":{"line":113,"column":13}}},"14":{"name":"(anonymous_23)","decl":{"start":{"line":122,"column":11},"end":{"line":122,"column":21}},"loc":{"start":{"line":122,"column":79},"end":{"line":130,"column":5}}},"15":{"name":"(anonymous_24)","decl":{"start":{"line":135,"column":11},"end":{"line":135,"column":27}},"loc":{"start":{"line":135,"column":39},"end":{"line":137,"column":5}}},"16":{"name":"(anonymous_25)","decl":{"start":{"line":142,"column":11},"end":{"line":142,"column":24}},"loc":{"start":{"line":142,"column":52},"end":{"line":147,"column":5}}},"17":{"name":"(anonymous_26)","decl":{"start":{"line":144,"column":19},"end":{"line":144,"column":22}},"loc":{"start":{"line":144,"column":24},"end":{"line":146,"column":9}}},"18":{"name":"(anonymous_27)","decl":{"start":{"line":152,"column":11},"end":{"line":152,"column":23}},"loc":{"start":{"line":152,"column":23},"end":{"line":154,"column":5}}}},"branchMap":{"0":{"loc":{"start":{"line":37,"column":22},"end":{"line":37,"column":36}},"type":"binary-expr","locations":[{"start":{"line":37,"column":22},"end":{"line":37,"column":30}},{"start":{"line":37,"column":34},"end":{"line":37,"column":36}}]},"1":{"loc":{"start":{"line":42,"column":12},"end":{"line":44,"column":13}},"type":"if","locations":[{"start":{"line":42,"column":12},"end":{"line":44,"column":13}}]},"2":{"loc":{"start":{"line":60,"column":8},"end":{"line":62,"column":9}},"type":"if","locations":[{"start":{"line":60,"column":8},"end":{"line":62,"column":9}}]},"3":{"loc":{"start":{"line":79,"column":53},"end":{"line":79,"column":79}},"type":"binary-expr","locations":[{"start":{"line":79,"column":53},"end":{"line":79,"column":72}},{"start":{"line":79,"column":76},"end":{"line":79,"column":79}}]},"4":{"loc":{"start":{"line":93,"column":24},"end":{"line":99,"column":25}},"type":"if","locations":[{"start":{"line":93,"column":24},"end":{"line":99,"column":25}},{"start":{"line":96,"column":31},"end":{"line":99,"column":25}}]},"5":{"loc":{"start":{"line":127,"column":28},"end":{"line":127,"column":69}},"type":"binary-expr","locations":[{"start":{"line":127,"column":28},"end":{"line":127,"column":39}},{"start":{"line":127,"column":43},"end":{"line":127,"column":69}}]}},"s":{"0":2,"1":2,"2":2,"3":2,"4":2,"5":0,"6":0,"7":3,"8":3,"9":3,"10":3,"11":3,"12":5,"13":5,"14":5,"15":5,"16":5,"17":1,"18":1,"19":0,"20":0,"21":0,"22":0,"23":0,"24":0,"25":0,"26":0,"27":0,"28":0,"29":0,"30":0,"31":0,"32":0,"33":0,"34":0,"35":0,"36":0,"37":0,"38":0,"39":0,"40":0,"41":0,"42":0,"43":0,"44":0,"45":0,"46":0,"47":0,"48":0,"49":0,"50":0,"51":0,"52":0,"53":0,"54":0,"55":0,"56":0,"57":0,"58":0,"59":3,"60":2},"f":{"0":0,"1":3,"2":5,"3":1,"4":0,"5":0,"6":0,"7":0,"8":0,"9":0,"10":0,"11":0,"12":0,"13":0,"14":0,"15":0,"16":0,"17":0,"18":3},"b":{"0":[3,0],"1":[5],"2":[0],"3":[0,0],"4":[0,0],"5":[0,0]}}
,"/workspace/src/proxy_service.ts": {"path":"/workspace/src/proxy_service.ts","statementMap":{"0":{"start":{"line":1,"column":0},"end":{"line":1,"column":29}},"1":{"start":{"line":2,"column":0},"end":{"line":2,"column":31}},"2":{"start":{"line":3,"column":0},"end":{"line":3,"column":29}},"3":{"start":{"line":15,"column":8},"end":{"line":15,"column":41}},"4":{"start":{"line":17,"column":8},"end":{"line":17,"column":58}},"5":{"start":{"line":18,"column":8},"end":{"line":18,"column":53}},"6":{"start":{"line":22,"column":8},"end":{"line":129,"column":10}},"7":{"start":{"line":23,"column":35},"end":{"line":23,"column":48}},"8":{"start":{"line":24,"column":44},"end":{"line":24,"column":61}},"9":{"start":{"line":25,"column":37},"end":{"line":25,"column":62}},"10":{"start":{"line":26,"column":37},"end":{"line":26,"column":60}},"11":{"start":{"line":29,"column":33},"end":{"line":29,"column":55}},"12":{"start":{"line":30,"column":32},"end":{"line":30,"column":68}},"13":{"start":{"line":31,"column":37},"end":{"line":31,"column":83}},"14":{"start":{"line":33,"column":12},"end":{"line":36,"column":13}},"15":{"start":{"line":34,"column":16},"end":{"line":34,"column":30}},"16":{"start":{"line":35,"column":16},"end":{"line":35,"column":23}},"17":{"start":{"line":38,"column":49},"end":{"line":44,"column":14}},"18":{"start":{"line":46,"column":46},"end":{"line":46,"column":120}},"19":{"start":{"line":47,"column":41},"end":{"line":47,"column":107}},"20":{"start":{"line":47,"column":86},"end":{"line":47,"column":106}},"21":{"start":{"line":49,"column":12},"end":{"line":128,"column":13}},"22":{"start":{"line":51,"column":35},"end":{"line":68,"column":17}},"23":{"start":{"line":52,"column":20},"end":{"line":67,"column":21}},"24":{"start":{"line":53,"column":24},"end":{"line":53,"column":76}},"25":{"start":{"line":55,"column":24},"end":{"line":62,"column":27}},"26":{"start":{"line":56,"column":28},"end":{"line":61,"column":29}},"27":{"start":{"line":57,"column":32},"end":{"line":57,"column":51}},"28":{"start":{"line":58,"column":32},"end":{"line":58,"column":42}},"29":{"start":{"line":60,"column":32},"end":{"line":60,"column":86}},"30":{"start":{"line":64,"column":24},"end":{"line":64,"column":74}},"31":{"start":{"line":65,"column":24},"end":{"line":65,"column":43}},"32":{"start":{"line":66,"column":24},"end":{"line":66,"column":34}},"33":{"start":{"line":70,"column":16},"end":{"line":75,"column":17}},"34":{"start":{"line":73,"column":20},"end":{"line":73,"column":39}},"35":{"start":{"line":74,"column":20},"end":{"line":74,"column":77}},"36":{"start":{"line":77,"column":16},"end":{"line":87,"column":19}},"37":{"start":{"line":78,"column":20},"end":{"line":86,"column":21}},"38":{"start":{"line":80,"column":24},"end":{"line":80,"column":154}},"39":{"start":{"line":80,"column":84},"end":{"line":80,"column":96}},"40":{"start":{"line":80,"column":116},"end":{"line":80,"column":152}},"41":{"start":{"line":84,"column":24},"end":{"line":84,"column":63}},"42":{"start":{"line":85,"column":24},"end":{"line":85,"column":78}},"43":{"start":{"line":91,"column":16},"end":{"line":116,"column":17}},"44":{"start":{"line":92,"column":45},"end":{"line":92,"column":58}},"45":{"start":{"line":93,"column":52},"end":{"line":93,"column":96}},"46":{"start":{"line":94,"column":20},"end":{"line":98,"column":21}},"47":{"start":{"line":95,"column":24},"end":{"line":95,"column":75}},"48":{"start":{"line":96,"column":24},"end":{"line":96,"column":37}},"49":{"start":{"line":97,"column":24},"end":{"line":97,"column":31}},"50":{"start":{"line":100,"column":20},"end":{"line":100,"column":60}},"51":{"start":{"line":101,"column":52},"end":{"line":110,"column":22}},"52":{"start":{"line":102,"column":51},"end":{"line":102,"column":73}},"53":{"start":{"line":103,"column":24},"end":{"line":103,"column":64}},"54":{"start":{"line":104,"column":24},"end":{"line":104,"column":39}},"55":{"start":{"line":105,"column":47},"end":{"line":105,"column":49}},"56":{"start":{"line":106,"column":24},"end":{"line":106,"column":80}},"57":{"start":{"line":106,"column":63},"end":{"line":106,"column":76}},"58":{"start":{"line":107,"column":24},"end":{"line":109,"column":27}},"59":{"start":{"line":108,"column":28},"end":{"line":108,"column":94}},"60":{"start":{"line":111,"column":20},"end":{"line":113,"column":23}},"61":{"start":{"line":112,"column":24},"end":{"line":112,"column":34}},"62":{"start":{"line":114,"column":20},"end":{"line":114,"column":30}},"63":{"start":{"line":115,"column":20},"end":{"line":115,"column":27}},"64":{"start":{"line":119,"column":48},"end":{"line":123,"column":18}},"65":{"start":{"line":120,"column":47},"end":{"line":120,"column":69}},"66":{"start":{"line":121,"column":20},"end":{"line":121,"column":60}},"67":{"start":{"line":122,"column":20},"end":{"line":122,"column":35}},"68":{"start":{"line":124,"column":16},"end":{"line":126,"column":19}},"69":{"start":{"line":125,"column":20},"end":{"line":125,"column":30}},"70":{"start":{"line":127,"column":16},"end":{"line":127,"column":26}},"71":{"start":{"line":10,"column":0},"end":{"line":10,"column":13}}},"fnMap":{"0":{"name":"(anonymous_9)","decl":{"start":{"line":14,"column":4},"end":{"line":14,"column":16}},"loc":{"start":{"line":14,"column":60},"end":{"line":19,"column":5}}},"1":{"name":"(anonymous_10)","decl":{"start":{"line":21,"column":11},"end":{"line":21,"column":30}},"loc":{"start":{"line":21,"column":30},"end":{"line":130,"column":5}}},"2":{"name":"(anonymous_11)","decl":{"start":{"line":22,"column":15},"end":{"line":22,"column":16}},"loc":{"start":{"line":22,"column":71},"end":{"line":129,"column":9}}},"3":{"name":"(anonymous_12)","decl":{"start":{"line":47,"column":62},"end":{"line":47,"column":63}},"loc":{"start":{"line":47,"column":86},"end":{"line":47,"column":106}}},"4":{"name":"(anonymous_13)","decl":{"start":{"line":51,"column":35},"end":{"line":51,"column":40}},"loc":{"start":{"line":51,"column":46},"end":{"line":68,"column":17}}},"5":{"name":"(anonymous_14)","decl":{"start":{"line":55,"column":42},"end":{"line":55,"column":43}},"loc":{"start":{"line":55,"column":91},"end":{"line":62,"column":25}}},"6":{"name":"(anonymous_15)","decl":{"start":{"line":77,"column":34},"end":{"line":77,"column":35}},"loc":{"start":{"line":77,"column":83},"end":{"line":87,"column":17}}},"7":{"name":"(anonymous_16)","decl":{"start":{"line":80,"column":78},"end":{"line":80,"column":81}},"loc":{"start":{"line":80,"column":84},"end":{"line":80,"column":96}}},"8":{"name":"(anonymous_17)","decl":{"start":{"line":80,"column":104},"end":{"line":80,"column":105}},"loc":{"start":{"line":80,"column":116},"end":{"line":80,"column":152}}},"9":{"name":"(anonymous_18)","decl":{"start":{"line":101,"column":74},"end":{"line":101,"column":75}},"loc":{"start":{"line":101,"column":111},"end":{"line":110,"column":21}}},"10":{"name":"(anonymous_19)","decl":{"start":{"line":106,"column":40},"end":{"line":106,"column":41}},"loc":{"start":{"line":106,"column":60},"end":{"line":106,"column":78}}},"11":{"name":"(anonymous_20)","decl":{"start":{"line":107,"column":39},"end":{"line":107,"column":48}},"loc":{"start":{"line":107,"column":50},"end":{"line":109,"column":25}}},"12":{"name":"(anonymous_21)","decl":{"start":{"line":111,"column":38},"end":{"line":111,"column":47}},"loc":{"start":{"line":111,"column":49},"end":{"line":113,"column":21}}},"13":{"name":"(anonymous_22)","decl":{"start":{"line":119,"column":70},"end":{"line":119,"column":71}},"loc":{"start":{"line":119,"column":107},"end":{"line":123,"column":17}}},"14":{"name":"(anonymous_23)","decl":{"start":{"line":124,"column":34},"end":{"line":124,"column":43}},"loc":{"start":{"line":124,"column":45},"end":{"line":126,"column":17}}}},"branchMap":{"0":{"loc":{"start":{"line":23,"column":35},"end":{"line":23,"column":48}},"type":"binary-expr","locations":[{"start":{"line":23,"column":35},"end":{"line":23,"column":42}},{"start":{"line":23,"column":46},"end":{"line":23,"column":48}}]},"1":{"loc":{"start":{"line":25,"column":37},"end":{"line":25,"column":62}},"type":"binary-expr","locations":[{"start":{"line":25,"column":37},"end":{"line":25,"column":56}},{"start":{"line":25,"column":60},"end":{"line":25,"column":62}}]},"2":{"loc":{"start":{"line":29,"column":33},"end":{"line":29,"column":55}},"type":"binary-expr","locations":[{"start":{"line":29,"column":33},"end":{"line":29,"column":49}},{"start":{"line":29,"column":53},"end":{"line":29,"column":55}}]},"3":{"loc":{"start":{"line":33,"column":12},"end":{"line":36,"column":13}},"type":"if","locations":[{"start":{"line":33,"column":12},"end":{"line":36,"column":13}}]},"4":{"loc":{"start":{"line":49,"column":12},"end":{"line":128,"column":13}},"type":"if","locations":[{"start":{"line":49,"column":12},"end":{"line":128,"column":13}},{"start":{"line":88,"column":19},"end":{"line":128,"column":13}}]},"5":{"loc":{"start":{"line":56,"column":28},"end":{"line":61,"column":29}},"type":"if","locations":[{"start":{"line":56,"column":28},"end":{"line":61,"column":29}},{"start":{"line":59,"column":35},"end":{"line":61,"column":29}}]},"6":{"loc":{"start":{"line":70,"column":16},"end":{"line":75,"column":17}},"type":"if","locations":[{"start":{"line":70,"column":16},"end":{"line":75,"column":17}}]},"7":{"loc":{"start":{"line":78,"column":20},"end":{"line":86,"column":21}},"type":"if","locations":[{"start":{"line":78,"column":20},"end":{"line":86,"column":21}},{"start":{"line":82,"column":27},"end":{"line":86,"column":21}}]},"8":{"loc":{"start":{"line":91,"column":16},"end":{"line":116,"column":17}},"type":"if","locations":[{"start":{"line":91,"column":16},"end":{"line":116,"column":17}}]},"9":{"loc":{"start":{"line":91,"column":20},"end":{"line":91,"column":81}},"type":"binary-expr","locations":[{"start":{"line":91,"column":20},"end":{"line":91,"column":25}},{"start":{"line":91,"column":30},"end":{"line":91,"column":54}},{"start":{"line":91,"column":58},"end":{"line":91,"column":80}}]},"10":{"loc":{"start":{"line":92,"column":45},"end":{"line":92,"column":58}},"type":"binary-expr","locations":[{"start":{"line":92,"column":45},"end":{"line":92,"column":52}},{"start":{"line":92,"column":56},"end":{"line":92,"column":58}}]},"11":{"loc":{"start":{"line":94,"column":20},"end":{"line":98,"column":21}},"type":"if","locations":[{"start":{"line":94,"column":20},"end":{"line":98,"column":21}}]},"12":{"loc":{"start":{"line":94,"column":24},"end":{"line":94,"column":57}},"type":"binary-expr","locations":[{"start":{"line":94,"column":24},"end":{"line":94,"column":41}},{"start":{"line":94,"column":45},"end":{"line":94,"column":57}}]},"13":{"loc":{"start":{"line":102,"column":51},"end":{"line":102,"column":73}},"type":"binary-expr","locations":[{"start":{"line":102,"column":51},"end":{"line":102,"column":66}},{"start":{"line":102,"column":70},"end":{"line":102,"column":73}}]},"14":{"loc":{"start":{"line":120,"column":47},"end":{"line":120,"column":69}},"type":"binary-expr","locations":[{"start":{"line":120,"column":47},"end":{"line":120,"column":62}},{"start":{"line":120,"column":66},"end":{"line":120,"column":69}}]}},"s":{"0":1,"1":1,"2":1,"3":1,"4":1,"5":1,"6":0,"7":0,"8":0,"9":0,"10":0,"11":0,"12":0,"13":0,"14":0,"15":0,"16":0,"17":0,"18":0,"19":0,"20":0,"21":0,"22":0,"23":0,"24":0,"25":0,"26":0,"27":0,"28":0,"29":0,"30":0,"31":0,"32":0,"33":0,"34":0,"35":0,"36":0,"37":0,"38":0,"39":0,"40":0,"41":0,"42":0,"43":0,"44":0,"45":0,"46":0,"47":0,"48":0,"49":0,"50":0,"51":0,"52":0,"53":0,"54":0,"55":0,"56":0,"57":0,"58":0,"59":0,"60":0,"61":0,"62":0,"63":0,"64":0,"65":0,"66":0,"67":0,"68":0,"69":0,"70":0,"71":1},"f":{"0":1,"1":0,"2":0,"3":0,"4":0,"5":0,"6":0,"7":0,"8":0,"9":0,"10":0,"11":0,"12":0,"13":0,"14":0},"b":{"0":[0,0],"1":[0,0],"2":[0,0],"3":[0],"4":[0,0],"5":[0,0],"6":[0],"7":[0,0],"8":[0],"9":[0,0,0],"10":[0,0],"11":[0],"12":[0,0],"13":[0,0],"14":[0,0]}}
}
