TN:
SF:src/cache_manager.ts
FN:12,(anonymous_9)
FN:36,(anonymous_10)
FN:39,(anonymous_11)
FN:52,(anonymous_12)
FN:60,(anonymous_13)
FN:72,(anonymous_14)
FN:78,(anonymous_15)
FN:82,(anonymous_16)
FN:91,(anonymous_17)
FN:93,(anonymous_18)
FN:95,(anonymous_19)
FN:104,(anonymous_20)
FN:105,(anonymous_21)
FN:110,(anonymous_22)
FN:123,(anonymous_23)
FN:136,(anonymous_24)
FN:143,(anonymous_25)
FN:145,(anonymous_26)
FN:153,(anonymous_27)
FNF:19
FNH:6
FNDA:0,(anonymous_9)
FNDA:6,(anonymous_10)
FNDA:9,(anonymous_11)
FNDA:1,(anonymous_12)
FNDA:0,(anonymous_13)
FNDA:0,(anonymous_14)
FNDA:0,(anonymous_15)
FNDA:0,(anonymous_16)
FNDA:0,(anonymous_17)
FNDA:0,(anonymous_18)
FNDA:0,(anonymous_19)
FNDA:0,(anonymous_20)
FNDA:0,(anonymous_21)
FNDA:0,(anonymous_22)
FNDA:0,(anonymous_23)
FNDA:1,(anonymous_24)
FNDA:1,(anonymous_25)
FNDA:0,(anonymous_26)
FNDA:6,(anonymous_27)
DA:1,2
DA:2,2
DA:3,2
DA:4,2
DA:5,2
DA:13,0
DA:14,0
DA:15,0
DA:31,2
DA:33,6
DA:34,6
DA:37,6
DA:38,6
DA:39,6
DA:40,9
DA:41,9
DA:42,9
DA:43,9
DA:44,9
DA:53,1
DA:54,1
DA:61,0
DA:62,0
DA:66,0
DA:67,0
DA:69,0
DA:70,0
DA:72,0
DA:73,0
DA:78,0
DA:79,0
DA:80,0
DA:82,0
DA:83,0
DA:86,0
DA:87,0
DA:89,0
DA:91,0
DA:92,0
DA:93,0
DA:94,0
DA:95,0
DA:96,0
DA:98,0
DA:99,0
DA:104,0
DA:105,0
DA:106,0
DA:110,0
DA:111,0
DA:112,0
DA:113,0
DA:116,0
DA:124,0
DA:125,0
DA:126,0
DA:130,0
DA:137,1
DA:144,1
DA:145,1
DA:146,0
DA:154,6
LF:62
LH:22
BRDA:38,0,0,6
BRDA:38,0,1,0
BRDA:43,1,0,9
BRDA:61,2,0,0
BRDA:80,3,0,0
BRDA:80,3,1,0
BRDA:94,4,0,0
BRDA:94,4,1,0
BRDA:128,5,0,0
BRDA:128,5,1,0
BRF:10
BRH:2
end_of_record
TN:
SF:src/proxy_service.ts
FN:14,(anonymous_9)
FN:21,(anonymous_10)
FN:22,(anonymous_11)
FN:47,(anonymous_12)
FN:51,(anonymous_13)
FN:55,(anonymous_14)
FN:77,(anonymous_15)
FN:80,(anonymous_16)
FN:80,(anonymous_17)
FN:101,(anonymous_18)
FN:106,(anonymous_19)
FN:107,(anonymous_20)
FN:111,(anonymous_21)
FN:119,(anonymous_22)
FN:124,(anonymous_23)
FNF:15
FNH:3
FNDA:3,(anonymous_9)
FNDA:1,(anonymous_10)
FNDA:1,(anonymous_11)
FNDA:0,(anonymous_12)
FNDA:0,(anonymous_13)
FNDA:0,(anonymous_14)
FNDA:0,(anonymous_15)
FNDA:0,(anonymous_16)
FNDA:0,(anonymous_17)
FNDA:0,(anonymous_18)
FNDA:0,(anonymous_19)
FNDA:0,(anonymous_20)
FNDA:0,(anonymous_21)
FNDA:0,(anonymous_22)
FNDA:0,(anonymous_23)
DA:1,1
DA:2,1
DA:3,1
DA:10,1
DA:15,3
DA:17,3
DA:18,3
DA:22,1
DA:23,1
DA:24,1
DA:25,1
DA:26,1
DA:29,1
DA:30,1
DA:31,1
DA:33,1
DA:34,1
DA:35,1
DA:38,0
DA:46,0
DA:47,0
DA:49,0
DA:51,0
DA:52,0
DA:53,0
DA:55,0
DA:56,0
DA:57,0
DA:58,0
DA:60,0
DA:64,0
DA:65,0
DA:66,0
DA:70,0
DA:73,0
DA:74,0
DA:77,0
DA:78,0
DA:80,0
DA:84,0
DA:85,0
DA:91,0
DA:92,0
DA:93,0
DA:94,0
DA:95,0
DA:96,0
DA:97,0
DA:100,0
DA:101,0
DA:102,0
DA:103,0
DA:104,0
DA:105,0
DA:106,0
DA:107,0
DA:108,0
DA:111,0
DA:112,0
DA:114,0
DA:115,0
DA:119,0
DA:120,0
DA:121,0
DA:122,0
DA:124,0
DA:125,0
DA:127,0
LF:68
LH:18
BRDA:23,0,0,1
BRDA:23,0,1,0
BRDA:25,1,0,1
BRDA:25,1,1,0
BRDA:29,2,0,1
BRDA:29,2,1,0
BRDA:33,3,0,1
BRDA:49,4,0,0
BRDA:49,4,1,0
BRDA:56,5,0,0
BRDA:56,5,1,0
BRDA:70,6,0,0
BRDA:78,7,0,0
BRDA:78,7,1,0
BRDA:91,8,0,0
BRDA:91,9,0,0
BRDA:91,9,1,0
BRDA:91,9,2,0
BRDA:92,10,0,0
BRDA:92,10,1,0
BRDA:94,11,0,0
BRDA:94,12,0,0
BRDA:94,12,1,0
BRDA:102,13,0,0
BRDA:102,13,1,0
BRDA:120,14,0,0
BRDA:120,14,1,0
BRF:27
BRH:4
end_of_record
